------------------------------ Scenario Screen -------- [1-9]: Change Screen --
  Timestamp: Tue Dec 12 18:52:30 2017

  Call-rate(length)   Port   Total-time  Total-calls  Remote-host
  30.0(0 ms)/1.000s   6098       3.67 s            1  172.24.135.209:5070(UDP)

  Call limit reached (-m 1), 0.000 s period  0 ms scheduler resolution
  0 calls (limit 1200)                   Peak was 1 calls, after 0 s
  0 Running, 3 Paused, 0 Woken up
  0 dead call msg (discarded)            0 out-of-call msg (discarded)        
  1 open sockets                        

                                 Messages  Retrans   Timeout   Unexpected-Msg
      INVITE ---------->  B-RTD1 1         0         0                  
         100 <----------         1         0         0         0        
         183 <----------         0         0         0         0        
         180 <----------         1         0         0         0        
         200 <----------         1         0         0         0        

         ACK ---------->         1         0                            
       Pause [   4000ms]         1                             1        
              [ NOP ]              
       Pause [   4000ms]         0                             0        
              [ NOP ]              
       Pause [   4000ms]         0                             0        
              [ NOP ]              
       Pause [   4000ms]         0                             0        
              [ NOP ]              
       Pause [   4000ms]         0                             0        
              [ NOP ]              
       Pause [   4000ms]         0                             0        
              [ NOP ]              
         BYE <----------         0         0         0         0        

         BYE ---------->         0         0         0                  
         200 <----------  E-RTD1 0         0         0         0        

         200 ---------->  E-RTD1 0         0                            
------- Waiting for active calls to end. Press [q] again to force exit. -------

----------------------------- Statistics Screen ------- [1-9]: Change Screen --
  Start Time             | 2017-12-12	18:52:27:141	1513084947.141678            
  Last Reset Time        | 2017-12-12	18:52:30:819	1513084950.819729            
  Current Time           | 2017-12-12	18:52:30:819	1513084950.819769            
-------------------------+---------------------------+--------------------------
  Counter Name           | Periodic value            | Cumulative value
-------------------------+---------------------------+--------------------------
  Elapsed Time           | 00:00:00:000              | 00:00:03:678             
  Call Rate              |    0.000 cps              |    0.272 cps             
-------------------------+---------------------------+--------------------------
  Incoming call created  |        0                  |        0                 
  OutGoing call created  |        0                  |        1                 
  Total Call created     |                           |        1                 
  Current Call           |        0                  |                          
-------------------------+---------------------------+--------------------------
  Successful call        |        0                  |        0                 
  Failed call            |        0                  |        1                 
-------------------------+---------------------------+--------------------------
  Response Time 1        | 00:00:00:000              | 00:00:00:000             
  Call Length            | 00:00:00:000              | 00:00:03:637             
------- Waiting for active calls to end. Press [q] again to force exit. -------

---------------------------- Repartition Screen ------- [1-9]: Change Screen --
  Average Response Time Repartition 1                                           
    <No repartion defined>                                                      
  Average Call Length Repartition                                               
    <No repartion defined>                                                      
------- Waiting for active calls to end. Press [q] again to force exit. -------

